<?xml version="1.0" encoding="UTF-8"?>
<!-- Generated by org.testng.reporters.JUnitReportReporter -->
<testsuite skipped="0" hostname="DESKTOP-1H83AUO" name="apitests.UserModuleTestcase2" tests="4" failures="0" timestamp="2023-02-01T12:42:02 EST" time="6.179" errors="0">
  <testcase name="testcreateuser" time="5.227" classname="apitests.UserModuleTestcase2"/>
  <system-out/>
  <testcase name="testgetuser" time="0.296" classname="apitests.UserModuleTestcase2"/>
  <system-out/>
  <testcase name="testupdateuser" time="0.453" classname="apitests.UserModuleTestcase2"/>
  <system-out/>
  <testcase name="deleteuser" time="0.203" classname="apitests.UserModuleTestcase2"/>
  <system-out/>
</testsuite> <!-- apitests.UserModuleTestcase2 -->
