<?xml version="1.0" encoding="UTF-8"?>
<!-- Generated by org.testng.reporters.JUnitReportReporter -->
<testsuite skipped="0" hostname="DESKTOP-1H83AUO" name="apitests.UserModuleTestcases" tests="4" failures="0" timestamp="2023-01-31T12:11:42 EST" time="6.254" errors="0">
  <testcase name="testcreateuser" time="5.150" classname="apitests.UserModuleTestcases"/>
  <system-out/>
  <testcase name="testgetuser" time="0.346" classname="apitests.UserModuleTestcases"/>
  <system-out/>
  <testcase name="testupdateuser" time="0.513" classname="apitests.UserModuleTestcases"/>
  <system-out/>
  <testcase name="deleteuser" time="0.245" classname="apitests.UserModuleTestcases"/>
  <system-out/>
</testsuite> <!-- apitests.UserModuleTestcases -->
