<?xml version="1.0" encoding="UTF-8"?>
<!-- Generated by org.testng.reporters.JUnitReportReporter -->
<testsuite skipped="0" hostname="DESKTOP-1H83AUO" name="apitests.UserModuleTestcase2" tests="4" failures="0" timestamp="2023-02-02T11:17:21 EST" time="4.369" errors="0">
  <testcase name="testcreateuser" time="3.440" classname="apitests.UserModuleTestcase2"/>
  <system-out/>
  <testcase name="testgetuser" time="0.272" classname="apitests.UserModuleTestcase2"/>
  <system-out/>
  <testcase name="testupdateuser" time="0.440" classname="apitests.UserModuleTestcase2"/>
  <system-out/>
  <testcase name="deleteuser" time="0.217" classname="apitests.UserModuleTestcase2"/>
  <system-out/>
</testsuite> <!-- apitests.UserModuleTestcase2 -->
